[2026-06-12 19:37:28,972:INFO:main:welcome]
[2026-06-12 20:56:08,416:INFO:common:yaml file: config\config.yaml loaded successfully]
[2026-06-12 20:56:08,423:INFO:common:yaml file: params.yaml loaded successfully]
[2026-06-12 20:56:43,298:INFO:common:yaml file: config\config.yaml loaded successfully]
[2026-06-12 20:56:43,300:INFO:common:yaml file: params.yaml loaded successfully]
[2026-06-12 20:58:01,603:INFO:common:yaml file: config\config.yaml loaded successfully]
[2026-06-12 20:58:01,607:INFO:common:yaml file: params.yaml loaded successfully]
[2026-06-12 20:58:05,655:INFO:common:yaml file: config\config.yaml loaded successfully]
[2026-06-12 20:58:05,655:INFO:common:yaml file: params.yaml loaded successfully]
[2026-06-12 20:58:43,231:INFO:common:yaml file: config\config.yaml loaded successfully]
[2026-06-12 20:58:43,233:INFO:common:yaml file: params.yaml loaded successfully]
[2026-06-12 20:59:48,543:INFO:common:yaml file: config\config.yaml loaded successfully]
[2026-06-12 21:00:44,252:INFO:common:yaml file: config\config.yaml loaded successfully]
[2026-06-12 21:01:37,275:INFO:common:yaml file: config\config.yaml loaded successfully]
[2026-06-12 21:01:37,278:INFO:common:yaml file: params.yaml loaded successfully]
[2026-06-12 21:01:37,281:INFO:common:yaml file: schema.yaml loaded successfully]
[2026-06-12 21:02:43,439:INFO:common:yaml file: config\config.yaml loaded successfully]
[2026-06-12 21:02:43,441:INFO:common:yaml file: params.yaml loaded successfully]
[2026-06-12 21:02:43,444:INFO:common:yaml file: schema.yaml loaded successfully]
[2026-06-12 21:02:43,446:INFO:common:created directory at: artifacts]
[2026-06-12 21:02:43,448:INFO:common:created directory at: artifacts/data_ingestion]
[2026-06-12 21:02:45,465:INFO:4087490991:artifacts/data_ingestion/data.zip download! with following info:
Connection: close
Content-Length: 23329
Cache-Control: max-age=300
Content-Security-Policy: default-src 'none'; style-src 'unsafe-inline'; sandbox
Content-Type: application/zip
ETag: "c69888a4ae59bc5a893392785a938ccd4937981c06ba8a9d6a21aa52b4ab5b6e"
Strict-Transport-Security: max-age=31536000
X-Content-Type-Options: nosniff
X-Frame-Options: deny
X-XSS-Protection: 1; mode=block
X-GitHub-Request-Id: FC06:CEEBC:1F498E:3FB0AC:6A2C269C
Accept-Ranges: bytes
Date: Fri, 12 Jun 2026 15:32:45 GMT
Via: 1.1 varnish
X-Served-By: cache-del-vibw2260027-DEL
X-Cache: MISS
X-Cache-Hits: 0
X-Timer: S1781278365.328037,VS0,VE300
Vary: Authorization,Accept-Encoding
Access-Control-Allow-Origin: *
Cross-Origin-Resource-Policy: cross-origin
X-Fastly-Request-ID: 6c405c09a59e66f4437f33c45a54c9be2ec2c784
Expires: Fri, 12 Jun 2026 15:37:45 GMT
Source-Age: 0

]
[2026-06-12 21:13:39,951:INFO:main:welcome]
[2026-06-12 21:13:39,952:INFO:main:>>>>>>>>>>>>>>>>>>>>> Stage Data Ingestion stage started >>>>>>>>>>>>>>>>>>>>>>>>>>]
[2026-06-12 21:13:39,954:INFO:common:yaml file: config\config.yaml loaded successfully]
[2026-06-12 21:13:39,955:INFO:common:yaml file: params.yaml loaded successfully]
[2026-06-12 21:13:39,956:INFO:common:yaml file: schema.yaml loaded successfully]
[2026-06-12 21:13:39,957:INFO:common:created directory at: artifacts]
[2026-06-12 21:13:39,957:INFO:common:created directory at: artifacts/data_ingestion]
[2026-06-12 21:13:41,393:INFO:data_ingestion:artifacts/data_ingestion/data.zip download! with following info:
Connection: close
Content-Length: 23329
Cache-Control: max-age=300
Content-Security-Policy: default-src 'none'; style-src 'unsafe-inline'; sandbox
Content-Type: application/zip
ETag: "c69888a4ae59bc5a893392785a938ccd4937981c06ba8a9d6a21aa52b4ab5b6e"
Strict-Transport-Security: max-age=31536000
X-Content-Type-Options: nosniff
X-Frame-Options: deny
X-XSS-Protection: 1; mode=block
X-GitHub-Request-Id: FC06:CEEBC:1F498E:3FB0AC:6A2C269C
Accept-Ranges: bytes
Date: Fri, 12 Jun 2026 15:43:41 GMT
Via: 1.1 varnish
X-Served-By: cache-del-vibw2260035-DEL
X-Cache: HIT
X-Cache-Hits: 0
X-Timer: S1781279021.262515,VS0,VE268
Vary: Authorization,Accept-Encoding
Access-Control-Allow-Origin: *
Cross-Origin-Resource-Policy: cross-origin
X-Fastly-Request-ID: 9c16e89564344a3d9161b4cc47a733cc418f53fd
Expires: Fri, 12 Jun 2026 15:48:41 GMT
Source-Age: 0

]
[2026-06-12 21:13:41,396:INFO:main:>>>>>>>>>>>>>>>>>>>>> Stage Data Ingestion stage completed >>>>>>>>>>>>>>>>>>>>>>>>]
[2026-06-12 23:11:05,686:INFO:main:welcome]
[2026-06-12 23:11:05,686:INFO:main:>>>>>>>>>>> Stage Data Ingestion stage started >>>>>>>>>>>>>>>>>>>]
[2026-06-12 23:11:05,686:INFO:common:yaml file: config\config.yaml loaded successfully]
[2026-06-12 23:11:05,692:INFO:common:yaml file: params.yaml loaded successfully]
[2026-06-12 23:11:05,694:INFO:common:yaml file: schema.yaml loaded successfully]
[2026-06-12 23:11:05,694:INFO:common:created directory at: artifacts]
[2026-06-12 23:11:05,694:INFO:common:created directory at: artifacts/data_ingestion]
[2026-06-12 23:11:07,208:INFO:data_ingestion:artifacts/data_ingestion/data.zip download! with following info:
Connection: close
Content-Length: 23329
Cache-Control: max-age=300
Content-Security-Policy: default-src 'none'; style-src 'unsafe-inline'; sandbox
Content-Type: application/zip
ETag: "c69888a4ae59bc5a893392785a938ccd4937981c06ba8a9d6a21aa52b4ab5b6e"
Strict-Transport-Security: max-age=31536000
X-Content-Type-Options: nosniff
X-Frame-Options: deny
X-XSS-Protection: 1; mode=block
X-GitHub-Request-Id: 32DA:2FA91F:1092381:1378EFE:6A2C44B2
Accept-Ranges: bytes
Date: Fri, 12 Jun 2026 17:41:07 GMT
Via: 1.1 varnish
X-Served-By: cache-del-vibw2260034-DEL
X-Cache: MISS
X-Cache-Hits: 0
X-Timer: S1781286067.982129,VS0,VE372
Vary: Authorization,Accept-Encoding
Access-Control-Allow-Origin: *
Cross-Origin-Resource-Policy: cross-origin
X-Fastly-Request-ID: 7e97a18743e272e39273ce01dc4f298caed680f6
Expires: Fri, 12 Jun 2026 17:46:07 GMT
Source-Age: 0

]
[2026-06-12 23:11:07,213:INFO:main:>>>>>>>>>>> Stage Data Ingestion stage completed >>>>>>>>>>>>>>>>>]
[2026-06-13 09:26:18,684:INFO:common:yaml file: config\config.yaml loaded successfully]
[2026-06-13 09:26:18,686:INFO:common:yaml file: params.yaml loaded successfully]
[2026-06-13 09:26:18,689:INFO:common:yaml file: schema.yaml loaded successfully]
[2026-06-13 09:26:18,690:INFO:common:created directory at: artifacts]
[2026-06-13 09:26:18,691:INFO:common:created directory at: artifacts/data_validation]
[2026-06-13 09:27:36,002:INFO:common:yaml file: config\config.yaml loaded successfully]
[2026-06-13 09:27:36,005:INFO:common:yaml file: params.yaml loaded successfully]
[2026-06-13 09:27:36,008:INFO:common:yaml file: schema.yaml loaded successfully]
[2026-06-13 09:27:36,009:INFO:common:created directory at: artifacts]
[2026-06-13 09:27:36,011:INFO:common:created directory at: artifacts/data_validation]
[2026-06-13 09:32:17,123:INFO:main:welcome]
[2026-06-13 09:32:17,123:INFO:main:>>>>>>>>>>> Stage Data Ingestion stage started >>>>>>>>>>>>>>>>>>>]
[2026-06-13 09:32:17,125:INFO:common:yaml file: config\config.yaml loaded successfully]
[2026-06-13 09:32:17,126:INFO:common:yaml file: params.yaml loaded successfully]
[2026-06-13 09:32:17,127:INFO:common:yaml file: schema.yaml loaded successfully]
[2026-06-13 09:32:17,128:INFO:common:created directory at: artifacts]
[2026-06-13 09:32:17,128:INFO:common:created directory at: artifacts/data_ingestion]
[2026-06-13 09:32:17,128:INFO:data_ingestion:file already exists of size :~ 23 KB]
[2026-06-13 09:32:17,133:INFO:main:>>>>>>>>>>> Stage Data Ingestion stage completed >>>>>>>>>>>>>>>>>]
[2026-06-13 09:33:30,022:INFO:main:welcome]
[2026-06-13 09:33:30,022:INFO:main:>>>>>>>>>>> Stage Data Ingestion stage started >>>>>>>>>>>>>>>>>>>]
[2026-06-13 09:33:30,024:INFO:common:yaml file: config\config.yaml loaded successfully]
[2026-06-13 09:33:30,024:INFO:common:yaml file: params.yaml loaded successfully]
[2026-06-13 09:33:30,025:INFO:common:yaml file: schema.yaml loaded successfully]
[2026-06-13 09:33:30,025:INFO:common:created directory at: artifacts]
[2026-06-13 09:33:30,025:INFO:common:created directory at: artifacts/data_ingestion]
[2026-06-13 09:33:30,025:INFO:data_ingestion:file already exists of size :~ 23 KB]
[2026-06-13 09:33:30,029:INFO:main:>>>>>>>>>>> Stage Data Ingestion stage completed >>>>>>>>>>>>>>>>>]
[2026-06-13 09:33:30,030:INFO:main:>>>>>>>>>>> Stage Data Validation stage started >>>>>>>>>>>>>>>>>>>]
[2026-06-13 09:33:30,031:INFO:common:yaml file: config\config.yaml loaded successfully]
[2026-06-13 09:33:30,032:INFO:common:yaml file: params.yaml loaded successfully]
[2026-06-13 09:33:30,033:INFO:common:yaml file: schema.yaml loaded successfully]
[2026-06-13 09:33:30,034:INFO:common:created directory at: artifacts]
[2026-06-13 09:33:30,034:INFO:common:created directory at: artifacts/data_validation]
[2026-06-13 09:33:30,034:ERROR:data_validation:name 'pd' is not defined]
[2026-06-13 09:33:30,034:ERROR:main:name 'pd' is not defined]
Traceback (most recent call last):
  File "E:\WineQuality\main.py", line 25, in <module>
    obj.main()
  File "E:\WineQuality\src\WineQuality\pipeline\stage_02_data_validation.py", line 18, in main
    data_validation.validate_all_columns()
  File "E:\WineQuality\src\WineQuality\components\data_validation.py", line 31, in validate_all_columns
    raise e
  File "E:\WineQuality\src\WineQuality\components\data_validation.py", line 15, in validate_all_columns
    data=pd.read_csv(self.config.unzip_data_dir) #read
         ^^
NameError: name 'pd' is not defined
[2026-06-13 09:34:04,678:INFO:main:welcome]
[2026-06-13 09:34:04,678:INFO:main:>>>>>>>>>>> Stage Data Ingestion stage started >>>>>>>>>>>>>>>>>>>]
[2026-06-13 09:34:04,686:INFO:common:yaml file: config\config.yaml loaded successfully]
[2026-06-13 09:34:04,686:INFO:common:yaml file: params.yaml loaded successfully]
[2026-06-13 09:34:04,686:INFO:common:yaml file: schema.yaml loaded successfully]
[2026-06-13 09:34:04,686:INFO:common:created directory at: artifacts]
[2026-06-13 09:34:04,686:INFO:common:created directory at: artifacts/data_ingestion]
[2026-06-13 09:34:04,686:INFO:data_ingestion:file already exists of size :~ 23 KB]
[2026-06-13 09:34:04,693:INFO:main:>>>>>>>>>>> Stage Data Ingestion stage completed >>>>>>>>>>>>>>>>>]
[2026-06-13 09:34:04,693:INFO:main:>>>>>>>>>>> Stage Data Validation stage started >>>>>>>>>>>>>>>>>>>]
[2026-06-13 09:34:04,696:INFO:common:yaml file: config\config.yaml loaded successfully]
[2026-06-13 09:34:04,697:INFO:common:yaml file: params.yaml loaded successfully]
[2026-06-13 09:34:04,700:INFO:common:yaml file: schema.yaml loaded successfully]
[2026-06-13 09:34:04,700:INFO:common:created directory at: artifacts]
[2026-06-13 09:34:04,701:INFO:common:created directory at: artifacts/data_validation]
[2026-06-13 09:34:04,716:INFO:main:>>>>>>>>>>> Stage Data Validation stage completed >>>>>>>>>>>>>>>>>]
[2026-06-13 09:37:45,460:INFO:main:welcome]
[2026-06-13 09:37:45,460:INFO:main:>>>>>>>>>>> Stage Data Ingestion stage started >>>>>>>>>>>>>>>>>>>]
[2026-06-13 09:37:45,460:INFO:common:yaml file: config\config.yaml loaded successfully]
[2026-06-13 09:37:45,460:INFO:common:yaml file: params.yaml loaded successfully]
[2026-06-13 09:37:45,460:INFO:common:yaml file: schema.yaml loaded successfully]
[2026-06-13 09:37:45,460:INFO:common:created directory at: artifacts]
[2026-06-13 09:37:45,460:INFO:common:created directory at: artifacts/data_ingestion]
[2026-06-13 09:37:45,460:INFO:data_ingestion:file already exists of size :~ 23 KB]
[2026-06-13 09:37:45,467:INFO:main:>>>>>>>>>>> Stage Data Ingestion stage completed >>>>>>>>>>>>>>>>>]
[2026-06-13 09:37:45,467:INFO:main:>>>>>>>>>>> Stage Data Validation stage started >>>>>>>>>>>>>>>>>>>]
[2026-06-13 09:37:45,467:INFO:common:yaml file: config\config.yaml loaded successfully]
[2026-06-13 09:37:45,467:INFO:common:yaml file: params.yaml loaded successfully]
[2026-06-13 09:37:45,474:INFO:common:yaml file: schema.yaml loaded successfully]
[2026-06-13 09:37:45,474:INFO:common:created directory at: artifacts]
[2026-06-13 09:37:45,475:INFO:common:created directory at: artifacts/data_validation]
[2026-06-13 09:37:45,487:WARNING:data_validation:Duplicate rows found: 240]
[2026-06-13 09:37:45,487:ERROR:data_validation:Datatype mismatch in quality. Expected: float64, Found: int64]
[2026-06-13 09:37:45,487:INFO:main:>>>>>>>>>>> Stage Data Validation stage completed >>>>>>>>>>>>>>>>>]
[2026-06-13 09:38:29,319:INFO:main:welcome]
[2026-06-13 09:38:29,319:INFO:main:>>>>>>>>>>> Stage Data Ingestion stage started >>>>>>>>>>>>>>>>>>>]
[2026-06-13 09:38:29,319:INFO:common:yaml file: config\config.yaml loaded successfully]
[2026-06-13 09:38:29,319:INFO:common:yaml file: params.yaml loaded successfully]
[2026-06-13 09:38:29,319:INFO:common:yaml file: schema.yaml loaded successfully]
[2026-06-13 09:38:29,332:INFO:common:created directory at: artifacts]
[2026-06-13 09:38:29,332:INFO:common:created directory at: artifacts/data_ingestion]
[2026-06-13 09:38:29,333:INFO:data_ingestion:file already exists of size :~ 23 KB]
[2026-06-13 09:38:29,339:INFO:main:>>>>>>>>>>> Stage Data Ingestion stage completed >>>>>>>>>>>>>>>>>]
[2026-06-13 09:38:29,339:INFO:main:>>>>>>>>>>> Stage Data Validation stage started >>>>>>>>>>>>>>>>>>>]
[2026-06-13 09:38:29,343:INFO:common:yaml file: config\config.yaml loaded successfully]
[2026-06-13 09:38:29,344:INFO:common:yaml file: params.yaml loaded successfully]
[2026-06-13 09:38:29,345:INFO:common:yaml file: schema.yaml loaded successfully]
[2026-06-13 09:38:29,345:INFO:common:created directory at: artifacts]
[2026-06-13 09:38:29,345:INFO:common:created directory at: artifacts/data_validation]
[2026-06-13 09:38:29,352:WARNING:data_validation:Duplicate rows found: 240]
[2026-06-13 09:38:29,352:ERROR:data_validation:Datatype mismatch in quality. Expected: float64, Found: int64]
[2026-06-13 09:38:29,356:INFO:main:>>>>>>>>>>> Stage Data Validation stage completed >>>>>>>>>>>>>>>>>]
[2026-06-13 09:38:44,866:INFO:main:welcome]
[2026-06-13 09:38:44,866:INFO:main:>>>>>>>>>>> Stage Data Ingestion stage started >>>>>>>>>>>>>>>>>>>]
[2026-06-13 09:38:44,867:INFO:common:yaml file: config\config.yaml loaded successfully]
[2026-06-13 09:38:44,869:INFO:common:yaml file: params.yaml loaded successfully]
[2026-06-13 09:38:44,869:INFO:common:yaml file: schema.yaml loaded successfully]
[2026-06-13 09:38:44,869:INFO:common:created directory at: artifacts]
[2026-06-13 09:38:44,869:INFO:common:created directory at: artifacts/data_ingestion]
[2026-06-13 09:38:44,869:INFO:data_ingestion:file already exists of size :~ 23 KB]
[2026-06-13 09:38:44,877:INFO:main:>>>>>>>>>>> Stage Data Ingestion stage completed >>>>>>>>>>>>>>>>>]
[2026-06-13 09:38:44,877:INFO:main:>>>>>>>>>>> Stage Data Validation stage started >>>>>>>>>>>>>>>>>>>]
[2026-06-13 09:38:44,880:INFO:common:yaml file: config\config.yaml loaded successfully]
[2026-06-13 09:38:44,880:INFO:common:yaml file: params.yaml loaded successfully]
[2026-06-13 09:38:44,880:INFO:common:yaml file: schema.yaml loaded successfully]
[2026-06-13 09:38:44,880:INFO:common:created directory at: artifacts]
[2026-06-13 09:38:44,880:INFO:common:created directory at: artifacts/data_validation]
[2026-06-13 09:38:44,901:ERROR:data_validation:Datatype mismatch in quality. Expected: float64, Found: int64]
[2026-06-13 09:38:44,903:INFO:main:>>>>>>>>>>> Stage Data Validation stage completed >>>>>>>>>>>>>>>>>]
[2026-06-13 09:38:53,113:INFO:main:welcome]
[2026-06-13 09:38:53,113:INFO:main:>>>>>>>>>>> Stage Data Ingestion stage started >>>>>>>>>>>>>>>>>>>]
[2026-06-13 09:38:53,129:INFO:common:yaml file: config\config.yaml loaded successfully]
[2026-06-13 09:38:53,130:INFO:common:yaml file: params.yaml loaded successfully]
[2026-06-13 09:38:53,130:INFO:common:yaml file: schema.yaml loaded successfully]
[2026-06-13 09:38:53,130:INFO:common:created directory at: artifacts]
[2026-06-13 09:38:53,130:INFO:common:created directory at: artifacts/data_ingestion]
[2026-06-13 09:38:53,130:INFO:data_ingestion:file already exists of size :~ 23 KB]
[2026-06-13 09:38:53,138:INFO:main:>>>>>>>>>>> Stage Data Ingestion stage completed >>>>>>>>>>>>>>>>>]
[2026-06-13 09:38:53,138:INFO:main:>>>>>>>>>>> Stage Data Validation stage started >>>>>>>>>>>>>>>>>>>]
[2026-06-13 09:38:53,140:INFO:common:yaml file: config\config.yaml loaded successfully]
[2026-06-13 09:38:53,141:INFO:common:yaml file: params.yaml loaded successfully]
[2026-06-13 09:38:53,142:INFO:common:yaml file: schema.yaml loaded successfully]
[2026-06-13 09:38:53,143:INFO:common:created directory at: artifacts]
[2026-06-13 09:38:53,143:INFO:common:created directory at: artifacts/data_validation]
[2026-06-13 09:38:53,149:ERROR:data_validation:Datatype mismatch in quality. Expected: float64, Found: int64]
[2026-06-13 09:38:53,151:INFO:main:>>>>>>>>>>> Stage Data Validation stage completed >>>>>>>>>>>>>>>>>]
[2026-06-13 09:39:16,615:INFO:main:welcome]
[2026-06-13 09:39:16,615:INFO:main:>>>>>>>>>>> Stage Data Ingestion stage started >>>>>>>>>>>>>>>>>>>]
[2026-06-13 09:39:16,615:INFO:common:yaml file: config\config.yaml loaded successfully]
[2026-06-13 09:39:16,615:INFO:common:yaml file: params.yaml loaded successfully]
[2026-06-13 09:39:16,615:INFO:common:yaml file: schema.yaml loaded successfully]
[2026-06-13 09:39:16,615:INFO:common:created directory at: artifacts]
[2026-06-13 09:39:16,615:INFO:common:created directory at: artifacts/data_ingestion]
[2026-06-13 09:39:16,615:INFO:data_ingestion:file already exists of size :~ 23 KB]
[2026-06-13 09:39:16,628:INFO:main:>>>>>>>>>>> Stage Data Ingestion stage completed >>>>>>>>>>>>>>>>>]
[2026-06-13 09:39:16,629:INFO:main:>>>>>>>>>>> Stage Data Validation stage started >>>>>>>>>>>>>>>>>>>]
[2026-06-13 09:39:16,631:INFO:common:yaml file: config\config.yaml loaded successfully]
[2026-06-13 09:39:16,631:INFO:common:yaml file: params.yaml loaded successfully]
[2026-06-13 09:39:16,633:INFO:common:yaml file: schema.yaml loaded successfully]
[2026-06-13 09:39:16,633:INFO:common:created directory at: artifacts]
[2026-06-13 09:39:16,633:INFO:common:created directory at: artifacts/data_validation]
[2026-06-13 09:39:16,639:ERROR:data_validation:Datatype mismatch in quality. Expected: float64, Found: int64]
[2026-06-13 09:39:16,639:INFO:main:>>>>>>>>>>> Stage Data Validation stage completed >>>>>>>>>>>>>>>>>]
[2026-06-13 09:40:20,284:INFO:main:welcome]
[2026-06-13 09:40:20,285:INFO:main:>>>>>>>>>>> Stage Data Ingestion stage started >>>>>>>>>>>>>>>>>>>]
[2026-06-13 09:40:20,287:INFO:common:yaml file: config\config.yaml loaded successfully]
[2026-06-13 09:40:20,287:INFO:common:yaml file: params.yaml loaded successfully]
[2026-06-13 09:40:20,288:INFO:common:yaml file: schema.yaml loaded successfully]
[2026-06-13 09:40:20,288:INFO:common:created directory at: artifacts]
[2026-06-13 09:40:20,290:INFO:common:created directory at: artifacts/data_ingestion]
[2026-06-13 09:40:20,290:INFO:data_ingestion:file already exists of size :~ 23 KB]
[2026-06-13 09:40:20,293:INFO:main:>>>>>>>>>>> Stage Data Ingestion stage completed >>>>>>>>>>>>>>>>>]
[2026-06-13 09:40:20,293:INFO:main:>>>>>>>>>>> Stage Data Validation stage started >>>>>>>>>>>>>>>>>>>]
[2026-06-13 09:40:20,295:INFO:common:yaml file: config\config.yaml loaded successfully]
[2026-06-13 09:40:20,296:INFO:common:yaml file: params.yaml loaded successfully]
[2026-06-13 09:40:20,298:INFO:common:yaml file: schema.yaml loaded successfully]
[2026-06-13 09:40:20,299:INFO:common:created directory at: artifacts]
[2026-06-13 09:40:20,299:INFO:common:created directory at: artifacts/data_validation]
[2026-06-13 09:40:20,311:INFO:main:>>>>>>>>>>> Stage Data Validation stage completed >>>>>>>>>>>>>>>>>]
[2026-06-13 09:50:47,499:INFO:common:yaml file: config\config.yaml loaded successfully]
[2026-06-13 09:50:47,502:INFO:common:yaml file: params.yaml loaded successfully]
[2026-06-13 09:50:47,505:INFO:common:yaml file: schema.yaml loaded successfully]
[2026-06-13 09:50:47,507:INFO:common:created directory at: artifacts]
[2026-06-13 09:50:47,509:INFO:common:created directory at: artifacts/data_transformation]
[2026-06-13 09:50:47,523:ERROR:2736838429:DataTransformation.train_test_split() takes 1 positional argument but 2 were given]
[2026-06-13 09:50:47,525:ERROR:2852840387:DataTransformation.train_test_split() takes 1 positional argument but 2 were given]
[2026-06-13 09:51:31,208:INFO:common:yaml file: config\config.yaml loaded successfully]
[2026-06-13 09:51:31,211:INFO:common:yaml file: params.yaml loaded successfully]
[2026-06-13 09:51:31,215:INFO:common:yaml file: schema.yaml loaded successfully]
[2026-06-13 09:51:31,217:INFO:common:created directory at: artifacts]
[2026-06-13 09:51:31,218:INFO:common:created directory at: artifacts/data_transformation]
[2026-06-13 09:51:31,256:INFO:1318480571:Splitted data into training and test sets]
[2026-06-13 09:51:31,257:INFO:1318480571:(1199, 12)]
[2026-06-13 09:51:31,258:INFO:1318480571:(400, 12)]
[2026-06-13 09:57:44,155:INFO:main:welcome]
[2026-06-13 09:57:44,155:INFO:main:>>>>>>>>>>> Stage Data Ingestion stage started >>>>>>>>>>>>>>>>>>>]
[2026-06-13 09:57:44,158:INFO:common:yaml file: config\config.yaml loaded successfully]
[2026-06-13 09:57:44,159:INFO:common:yaml file: params.yaml loaded successfully]
[2026-06-13 09:57:44,160:INFO:common:yaml file: schema.yaml loaded successfully]
[2026-06-13 09:57:44,161:INFO:common:created directory at: artifacts]
[2026-06-13 09:57:44,161:INFO:common:created directory at: artifacts/data_ingestion]
[2026-06-13 09:57:44,162:INFO:data_ingestion:file already exists of size :~ 23 KB]
[2026-06-13 09:57:44,165:INFO:main:>>>>>>>>>>> Stage Data Ingestion stage completed >>>>>>>>>>>>>>>>>]
[2026-06-13 09:57:44,165:INFO:main:>>>>>>>>>>> Stage Data Validation stage started >>>>>>>>>>>>>>>>>>>]
[2026-06-13 09:57:44,167:INFO:common:yaml file: config\config.yaml loaded successfully]
[2026-06-13 09:57:44,168:INFO:common:yaml file: params.yaml loaded successfully]
[2026-06-13 09:57:44,170:INFO:common:yaml file: schema.yaml loaded successfully]
[2026-06-13 09:57:44,170:INFO:common:created directory at: artifacts]
[2026-06-13 09:57:44,171:INFO:common:created directory at: artifacts/data_validation]
[2026-06-13 09:57:44,187:INFO:main:>>>>>>>>>>> Stage Data Validation stage completed >>>>>>>>>>>>>>>>>]
[2026-06-13 09:57:44,188:INFO:main:>>>>>>>>>>> Stage Data Transformation stage started >>>>>>>>>>>>>>>>>>>]
[2026-06-13 09:57:44,189:INFO:common:yaml file: config\config.yaml loaded successfully]
[2026-06-13 09:57:44,190:INFO:common:yaml file: params.yaml loaded successfully]
[2026-06-13 09:57:44,191:INFO:common:yaml file: schema.yaml loaded successfully]
[2026-06-13 09:57:44,192:INFO:common:created directory at: artifacts]
[2026-06-13 09:57:44,192:INFO:common:created directory at: artifacts/data_transformation]
[2026-06-13 09:57:44,212:INFO:data_transformation:Splitted data into training and test sets]
[2026-06-13 09:57:44,212:INFO:data_transformation:(1199, 12)]
[2026-06-13 09:57:44,212:INFO:data_transformation:(400, 12)]
[2026-06-13 09:57:44,212:INFO:main:>>>>>>>>>>> Stage Data Transformation stage completed >>>>>>>>>>>>>>>>>]
[2026-06-13 10:00:12,967:INFO:common:yaml file: config\config.yaml loaded successfully]
[2026-06-13 10:00:12,969:INFO:common:yaml file: params.yaml loaded successfully]
[2026-06-13 10:00:12,969:INFO:common:yaml file: schema.yaml loaded successfully]
[2026-06-13 10:00:12,969:INFO:common:created directory at: artifacts]
[2026-06-13 10:00:12,969:INFO:common:created directory at: artifacts/data_transformation]
[2026-06-13 10:00:12,977:ERROR:2852840387:'DataTransformation' object has no attribute 'train_test_split']
[2026-06-13 10:00:30,091:INFO:common:yaml file: config\config.yaml loaded successfully]
[2026-06-13 10:00:30,093:INFO:common:yaml file: params.yaml loaded successfully]
[2026-06-13 10:00:30,098:INFO:common:yaml file: schema.yaml loaded successfully]
[2026-06-13 10:00:30,099:INFO:common:created directory at: artifacts]
[2026-06-13 10:00:30,101:INFO:common:created directory at: artifacts/data_transformation]
[2026-06-13 10:00:30,102:INFO:423480009:Loading dataset]
[2026-06-13 10:00:30,109:INFO:423480009:Original Shape: (1599, 12)]
[2026-06-13 10:00:30,132:INFO:423480009:Shape after removing duplicates: (1359, 12)]
[2026-06-13 10:00:30,148:INFO:423480009:Train Test Split completed]
[2026-06-13 10:00:30,261:INFO:423480009:Data Transformation Completed]
[2026-06-13 10:00:30,262:INFO:423480009:Train Shape: (1087, 12)]
[2026-06-13 10:00:30,263:INFO:423480009:Test Shape: (272, 12)]
[2026-06-13 10:18:06,573:INFO:common:yaml file: config\config.yaml loaded successfully]
[2026-06-13 10:18:06,578:INFO:common:yaml file: params.yaml loaded successfully]
[2026-06-13 10:18:06,583:INFO:common:yaml file: schema.yaml loaded successfully]
[2026-06-13 10:18:06,586:INFO:common:created directory at: artifacts]
[2026-06-13 10:18:06,588:ERROR:2419501605:'ConfigurationManager' object has no attribute 'parmas']
[2026-06-13 10:18:22,762:ERROR:2419501605:[Errno 2] No such file or directory: 'config\\config.yaml']
[2026-06-13 10:19:10,788:ERROR:2419501605:[Errno 2] No such file or directory: 'config\\config.yaml']
[2026-06-13 10:19:17,094:INFO:common:yaml file: config\config.yaml loaded successfully]
[2026-06-13 10:19:17,096:INFO:common:yaml file: params.yaml loaded successfully]
[2026-06-13 10:19:17,098:INFO:common:yaml file: schema.yaml loaded successfully]
[2026-06-13 10:19:17,099:INFO:common:created directory at: artifacts]
[2026-06-13 10:19:17,100:ERROR:2419501605:"'ConfigBox' object has no attribute 'elasticnet'"]
[2026-06-13 10:19:50,220:ERROR:2419501605:[Errno 2] No such file or directory: 'config\\config.yaml']
[2026-06-13 10:19:58,185:INFO:common:yaml file: config\config.yaml loaded successfully]
[2026-06-13 10:19:58,187:INFO:common:yaml file: params.yaml loaded successfully]
[2026-06-13 10:19:58,190:INFO:common:yaml file: schema.yaml loaded successfully]
[2026-06-13 10:19:58,191:INFO:common:created directory at: artifacts]
[2026-06-13 10:19:58,193:INFO:common:created directory at: artifacts/model_trainer]
[2026-06-13 10:19:58,194:ERROR:2419501605:"'ConfigBox' object has no attribute 'l1_ratio'"]
[2026-06-13 10:20:23,457:INFO:common:yaml file: config\config.yaml loaded successfully]
[2026-06-13 10:20:23,463:INFO:common:yaml file: params.yaml loaded successfully]
[2026-06-13 10:20:23,463:INFO:common:yaml file: schema.yaml loaded successfully]
[2026-06-13 10:20:23,463:INFO:common:created directory at: artifacts]
[2026-06-13 10:20:23,463:INFO:common:created directory at: artifacts/model_trainer]
[2026-06-13 10:20:23,491:ERROR:571412713:'DataFrame' object is not callable]
[2026-06-13 10:20:23,492:ERROR:2419501605:'DataFrame' object is not callable]
[2026-06-13 10:21:22,823:INFO:common:yaml file: config\config.yaml loaded successfully]
[2026-06-13 10:21:22,825:INFO:common:yaml file: params.yaml loaded successfully]
[2026-06-13 10:21:22,828:INFO:common:yaml file: schema.yaml loaded successfully]
[2026-06-13 10:21:22,829:INFO:common:created directory at: artifacts]
[2026-06-13 10:21:22,830:INFO:common:created directory at: artifacts/model_trainer]
[2026-06-13 10:25:23,964:INFO:main:welcome]
[2026-06-13 10:25:23,964:INFO:main:>>>>>>>>>>> Stage Data Ingestion stage started >>>>>>>>>>>>>>>>>>>]
[2026-06-13 10:25:23,966:INFO:common:yaml file: config\config.yaml loaded successfully]
[2026-06-13 10:25:23,970:INFO:common:yaml file: params.yaml loaded successfully]
[2026-06-13 10:25:23,972:INFO:common:yaml file: schema.yaml loaded successfully]
[2026-06-13 10:25:23,975:INFO:common:created directory at: artifacts]
[2026-06-13 10:25:23,977:INFO:common:created directory at: artifacts/data_ingestion]
[2026-06-13 10:25:23,977:INFO:data_ingestion:file already exists of size :~ 23 KB]
[2026-06-13 10:25:23,982:INFO:main:>>>>>>>>>>> Stage Data Ingestion stage completed >>>>>>>>>>>>>>>>>]
[2026-06-13 10:25:23,982:INFO:main:>>>>>>>>>>> Stage Data Validation stage started >>>>>>>>>>>>>>>>>>>]
[2026-06-13 10:25:23,987:INFO:common:yaml file: config\config.yaml loaded successfully]
[2026-06-13 10:25:23,987:INFO:common:yaml file: params.yaml loaded successfully]
[2026-06-13 10:25:23,991:INFO:common:yaml file: schema.yaml loaded successfully]
[2026-06-13 10:25:23,993:INFO:common:created directory at: artifacts]
[2026-06-13 10:25:23,993:INFO:common:created directory at: artifacts/data_validation]
[2026-06-13 10:25:24,011:INFO:main:>>>>>>>>>>> Stage Data Validation stage completed >>>>>>>>>>>>>>>>>]
[2026-06-13 10:25:24,011:INFO:main:>>>>>>>>>>> Stage Data Transformation stage started >>>>>>>>>>>>>>>>>>>]
[2026-06-13 10:25:24,014:INFO:common:yaml file: config\config.yaml loaded successfully]
[2026-06-13 10:25:24,016:INFO:common:yaml file: params.yaml loaded successfully]
[2026-06-13 10:25:24,023:INFO:common:yaml file: schema.yaml loaded successfully]
[2026-06-13 10:25:24,024:INFO:common:created directory at: artifacts]
[2026-06-13 10:25:24,024:INFO:common:created directory at: artifacts/data_transformation]
[2026-06-13 10:25:24,058:INFO:data_transformation:Splitted data into training and test sets]
[2026-06-13 10:25:24,058:INFO:data_transformation:(1199, 12)]
[2026-06-13 10:25:24,058:INFO:data_transformation:(400, 12)]
[2026-06-13 10:25:24,058:INFO:main:>>>>>>>>>>> Stage Data Transformation stage completed >>>>>>>>>>>>>>>>>]
[2026-06-13 10:25:24,058:INFO:main:>>>>>>>>>>> Stage Model Training stage started >>>>>>>>>>>>>>>>>>>]
[2026-06-13 10:25:24,061:INFO:common:yaml file: config\config.yaml loaded successfully]
[2026-06-13 10:25:24,061:INFO:common:yaml file: params.yaml loaded successfully]
[2026-06-13 10:25:24,063:INFO:common:yaml file: schema.yaml loaded successfully]
[2026-06-13 10:25:24,065:INFO:common:created directory at: artifacts]
[2026-06-13 10:25:24,065:INFO:common:created directory at: artifacts/model_trainer]
[2026-06-13 10:25:24,093:INFO:main:>>>>>>>>>>> Stage Model Training stage completed >>>>>>>>>>>>>>>>>]
